<?xml version="1.0" encoding="UTF-8"?>
<!-- Generated by org.testng.reporters.JUnitXMLReporter -->
<testsuite hostname="DESKTOP-4S95062" ignored="0" name="TESTCASES-NetBanking" tests="2" failures="0" timestamp="2021-10-02T18:06:55 IST" time="18.314" errors="0">
  <testcase name="LoginTest" time="1.815" classname="com.inetbanking.TestCases.Tc_LoginTest_001"/>
  <testcase name="AddNewCustomerTest" time="5.306" classname="com.inetbanking.TestCases.Tc_NewCustomerTesr_003"/>
</testsuite> <!-- TESTCASES-NetBanking -->
