<?xml version="1.0" encoding="UTF-8"?>
<!-- Generated by org.testng.reporters.JUnitXMLReporter -->
<testsuite ignored="0" hostname="DESKTOP-4S95062" failures="3" tests="4" name="TESTCASE_001" time="19.843" errors="0" timestamp="2021-10-01T19:55:37 IST">
  <testcase classname="com.inetbanking.TestCases.Tc_LoginDDT_002" name="LoginDDTTest" time="4.874"/>
  <testcase classname="com.inetbanking.TestCases.Tc_LoginDDT_002" name="LoginDDTTest" time="2.36">
    <failure type="java.lang.AssertionError" message="expected [true] but found [false]">
      <![CDATA[java.lang.AssertionError: expected [true] but found [false]
at com.inetbanking.TestCases.Tc_LoginDDT_002.LoginDDTTest(Tc_LoginDDT_002.java:75)
at java.base/java.util.ArrayList.forEach(ArrayList.java:1511)
... Removed 31 stack frames]]>
    </failure>
  </testcase> <!-- LoginDDTTest -->
  <testcase classname="com.inetbanking.TestCases.Tc_LoginDDT_002" name="LoginDDTTest" time="2.79">
    <failure type="java.lang.AssertionError" message="expected [true] but found [false]">
      <![CDATA[java.lang.AssertionError: expected [true] but found [false]
at com.inetbanking.TestCases.Tc_LoginDDT_002.LoginDDTTest(Tc_LoginDDT_002.java:75)
at java.base/java.util.ArrayList.forEach(ArrayList.java:1511)
... Removed 31 stack frames]]>
    </failure>
  </testcase> <!-- LoginDDTTest -->
  <testcase classname="com.inetbanking.TestCases.Tc_LoginDDT_002" name="LoginDDTTest" time="0.019">
    <failure type="java.lang.IllegalArgumentException" message="Keys to send should be a not null CharSequence">
      <![CDATA[java.lang.IllegalArgumentException: Keys to send should be a not null CharSequence
at org.openqa.selenium.remote.RemoteWebElement.sendKeys(RemoteWebElement.java:97)
at org.openqa.selenium.support.pagefactory.internal.LocatingElementHandler.invoke(LocatingElementHandler.java:51)
at jdk.proxy2/jdk.proxy2.$Proxy15.sendKeys(Unknown Source)
at com.inetbanking.TestCases.Tc_LoginDDT_002.LoginDDTTest(Tc_LoginDDT_002.java:61)
at java.base/java.util.ArrayList.forEach(ArrayList.java:1511)
... Removed 31 stack frames]]>
    </failure>
  </testcase> <!-- LoginDDTTest -->
</testsuite> <!-- TESTCASE_001 -->
