<?xml version="1.0" encoding="UTF-8"?>
<!-- Generated by org.testng.reporters.JUnitXMLReporter -->
<testsuite ignored="0" hostname="DESKTOP-4S95062" failures="0" tests="2" name="TESTCASES-NetBanking" time="15.041" errors="0" timestamp="02 Oct 2021 13:09:21 GMT">
  <testcase classname="com.inetbanking.TestCases.Tc_LoginTest_001" name="LoginTest" time="1.347"/>
  <testcase classname="com.inetbanking.TestCases.Tc_NewCustomerTesr_003" name="AddNewCustomerTest" time="4.791"/>
</testsuite> <!-- TESTCASES-NetBanking -->
