<?xml version="1.0" encoding="UTF-8"?>
<testsuite name="TestSuite" time="8.198" tests="6" errors="0" skipped="0" failures="4">
  <properties>
[...]
</properties>
  <testcase name="LoginTest" classname="com.inetbanking.TestCases.Tc_LoginTest_001" time="1.726"/>
  <testcase name="LoginDDTTest" classname="com.inetbanking.TestCases.Tc_LoginDDT_002" time="3.224"/>
  <testcase name="LoginDDTTest" classname="com.inetbanking.TestCases.Tc_LoginDDT_002" time="1.942">
    <failure message="expected [true] but found [false]" type="java.lang.AssertionError">java.lang.AssertionError: expected [true] but found [false]
	at org.testng.Assert.fail(Assert.java:96)
	at org.testng.Assert.failNotEquals(Assert.java:776)
	at org.testng.Assert.assertTrue(Assert.java:44)
	at org.testng.Assert.assertTrue(Assert.java:54)
	at com.inetbanking.TestCases.Tc_LoginDDT_002.LoginDDTTest(Tc_LoginDDT_002.java:70)
</failure>
    <system-out><![CDATA[ INFO [main] (Tc_LoginDDT_002.java:53)-  LOGIN VERIFICATION STARTED 
 INFO [main] (Tc_LoginDDT_002.java:56)-  USERNAME ENTERED 
 INFO [main] (Tc_LoginDDT_002.java:59)-  PASSWORD ENTERED 
 INFO [main] (Tc_LoginDDT_002.java:62)-  LOGIN CLICKED 
]]></system-out>
  </testcase>
  <testcase name="LoginDDTTest" classname="com.inetbanking.TestCases.Tc_LoginDDT_002" time="2.086">
    <failure message="expected [true] but found [false]" type="java.lang.AssertionError">java.lang.AssertionError: expected [true] but found [false]
	at org.testng.Assert.fail(Assert.java:96)
	at org.testng.Assert.failNotEquals(Assert.java:776)
	at org.testng.Assert.assertTrue(Assert.java:44)
	at org.testng.Assert.assertTrue(Assert.java:54)
	at com.inetbanking.TestCases.Tc_LoginDDT_002.LoginDDTTest(Tc_LoginDDT_002.java:70)
</failure>
    <system-out><![CDATA[ INFO [main] (Tc_LoginDDT_002.java:53)-  LOGIN VERIFICATION STARTED 
 INFO [main] (Tc_LoginDDT_002.java:56)-  USERNAME ENTERED 
 INFO [main] (Tc_LoginDDT_002.java:59)-  PASSWORD ENTERED 
 INFO [main] (Tc_LoginDDT_002.java:62)-  LOGIN CLICKED 
]]></system-out>
  </testcase>
  <testcase name="LoginDDTTest" classname="com.inetbanking.TestCases.Tc_LoginDDT_002" time="0.153">
    <failure message="Keys to send should be a not null CharSequence" type="java.lang.IllegalArgumentException">java.lang.IllegalArgumentException: Keys to send should be a not null CharSequence
	at org.openqa.selenium.remote.RemoteWebElement.sendKeys(RemoteWebElement.java:97)
	at java.base/jdk.internal.reflect.NativeMethodAccessorImpl.invoke0(Native Method)
	at java.base/jdk.internal.reflect.NativeMethodAccessorImpl.invoke(NativeMethodAccessorImpl.java:77)
	at java.base/jdk.internal.reflect.DelegatingMethodAccessorImpl.invoke(DelegatingMethodAccessorImpl.java:43)
	at java.base/java.lang.reflect.Method.invoke(Method.java:568)
	at org.openqa.selenium.support.pagefactory.internal.LocatingElementHandler.invoke(LocatingElementHandler.java:51)
	at jdk.proxy2/jdk.proxy2.$Proxy12.sendKeys(Unknown Source)
	at com.inetbanking.TestCases.Tc_LoginDDT_002.LoginDDTTest(Tc_LoginDDT_002.java:55)
</failure>
    <system-out><![CDATA[ INFO [main] (Tc_LoginDDT_002.java:53)-  LOGIN VERIFICATION STARTED 
]]></system-out>
  </testcase>
  <testcase name="AddNewCustomerTest" classname="com.inetbanking.TestCases.Tc_NewCustomerTest_003" time="3.248">
    <failure message="unexpected alert open: {Alert text : Customer could not be added !!}&#10;  (Session info: chrome=94.0.4606.61): Customer could not be added !!&#10;Build info: version: &apos;3.141.59&apos;, revision: &apos;e82be7d358&apos;, time: &apos;2018-11-14T08:17:03&apos;&#10;System info: host: &apos;DESKTOP-4S95062&apos;, ip: &apos;192.168.1.14&apos;, os.name: &apos;Windows 10&apos;, os.arch: &apos;amd64&apos;, os.version: &apos;10.0&apos;, java.version: &apos;17&apos;&#10;Driver info: org.openqa.selenium.chrome.ChromeDriver&#10;Capabilities {acceptInsecureCerts: false, browserName: chrome, browserVersion: 94.0.4606.61, chrome: {chromedriverVersion: 93.0.4577.63 (ff5c0da2ec0ad..., userDataDir: C:\Users\user\AppData\Local...}, goog:chromeOptions: {debuggerAddress: localhost:51789}, javascriptEnabled: true, networkConnectionEnabled: false, pageLoadStrategy: normal, platform: WINDOWS, platformName: WINDOWS, proxy: Proxy(), setWindowRect: true, strictFileInteractability: false, timeouts: {implicit: 0, pageLoad: 300000, script: 30000}, unhandledPromptBehavior: dismiss and notify, webauthn:extension:credBlob: true, webauthn:extension:largeBlob: true, webauthn:virtualAuthenticators: true}&#10;Session ID: a32a449280885724120c1a123ade969a" type="org.openqa.selenium.UnhandledAlertException">org.openqa.selenium.UnhandledAlertException: unexpected alert open: {Alert text : Customer could not be added !!}
  (Session info: chrome=94.0.4606.61): Customer could not be added !!
Build info: version: '3.141.59', revision: 'e82be7d358', time: '2018-11-14T08:17:03'
System info: host: 'DESKTOP-4S95062', ip: '192.168.1.14', os.name: 'Windows 10', os.arch: 'amd64', os.version: '10.0', java.version: '17'
Driver info: org.openqa.selenium.chrome.ChromeDriver
Capabilities {acceptInsecureCerts: false, browserName: chrome, browserVersion: 94.0.4606.61, chrome: {chromedriverVersion: 93.0.4577.63 (ff5c0da2ec0ad..., userDataDir: C:\Users\user\AppData\Local...}, goog:chromeOptions: {debuggerAddress: localhost:51789}, javascriptEnabled: true, networkConnectionEnabled: false, pageLoadStrategy: normal, platform: WINDOWS, platformName: WINDOWS, proxy: Proxy(), setWindowRect: true, strictFileInteractability: false, timeouts: {implicit: 0, pageLoad: 300000, script: 30000}, unhandledPromptBehavior: dismiss and notify, webauthn:extension:credBlob: true, webauthn:extension:largeBlob: true, webauthn:virtualAuthenticators: true}
Session ID: a32a449280885724120c1a123ade969a
	at org.openqa.selenium.remote.http.W3CHttpResponseCodec.decode(W3CHttpResponseCodec.java:120)
	at org.openqa.selenium.remote.http.W3CHttpResponseCodec.decode(W3CHttpResponseCodec.java:49)
	at org.openqa.selenium.remote.HttpCommandExecutor.execute(HttpCommandExecutor.java:158)
	at org.openqa.selenium.remote.service.DriverCommandExecutor.execute(DriverCommandExecutor.java:83)
	at org.openqa.selenium.remote.RemoteWebDriver.execute(RemoteWebDriver.java:552)
	at org.openqa.selenium.remote.RemoteWebDriver.execute(RemoteWebDriver.java:609)
	at org.openqa.selenium.remote.RemoteWebDriver.getPageSource(RemoteWebDriver.java:438)
	at com.inetbanking.TestCases.Tc_NewCustomerTest_003.AddNewCustomerTest(Tc_NewCustomerTest_003.java:69)
</failure>
    <system-out><![CDATA[ INFO [main] (BaseClass.java:77)-  BROWSER CLOSED 
 INFO [main] (BaseClass.java:46)-  BROWSER  LAUNCHING 
 INFO [main] (BaseClass.java:51)-  CHROME BROWSER LAUNCHED 
 INFO [main] (Tc_NewCustomerTest_003.java:24)-  TC_NEWCUSTOMERTEST_003 
 INFO [main] (Tc_NewCustomerTest_003.java:27)-  CLICKED NEWCUSTOMER SIDEMENU 
 INFO [main] (Tc_NewCustomerTest_003.java:30)-  CUSTOMERNAME ENTERED 
 INFO [main] (Tc_NewCustomerTest_003.java:33)-  GENDER SELECTED 
 INFO [main] (Tc_NewCustomerTest_003.java:36)-  DOB ENTERED 
 INFO [main] (Tc_NewCustomerTest_003.java:40)-  ADDRESS ENTERED 
 INFO [main] (Tc_NewCustomerTest_003.java:46)-  CITY ENTERED 
 INFO [main] (Tc_NewCustomerTest_003.java:49)-  STATE ENTERED 
 INFO [main] (Tc_NewCustomerTest_003.java:52)-  PIN ENTERED 
 INFO [main] (Tc_NewCustomerTest_003.java:55)-  MOBILENO ENTERED 
 INFO [main] (Tc_NewCustomerTest_003.java:59)-  EMAIL ENTERED 
 INFO [main] (Tc_NewCustomerTest_003.java:62)-  PASSWORD ENTERED 
 INFO [main] (Tc_NewCustomerTest_003.java:65)-  SUBMIT BUTTON CLICKED 
]]></system-out>
    <system-err><![CDATA[Starting ChromeDriver 93.0.4577.63 (ff5c0da2ec0adeaed5550e6c7e98417dac77d98a-refs/branch-heads/4577@{#1135}) on port 30146
Only local connections are allowed.
Please see https://chromedriver.chromium.org/security-considerations for suggestions on keeping ChromeDriver safe.
ChromeDriver was started successfully.
[1633240927.652][WARNING]: This version of ChromeDriver has not been tested with Chrome version 94.
Oct 03, 2021 11:32:07 AM org.openqa.selenium.remote.ProtocolHandshake createSession
INFO: Detected dialect: W3C
]]></system-err>
  </testcase>
</testsuite>