<?xml version="1.0" encoding="UTF-8"?>
<testng-results ignored="0" total="2" passed="2" failed="0" skipped="0">
  <reporter-output>
  </reporter-output>
  <suite started-at="2021-10-02T13:09:06Z" name="NETBANKING" finished-at="2021-10-02T13:09:21Z" duration-ms="15041">
    <groups>
    </groups>
    <test started-at="2021-10-02T13:09:06Z" name="TESTCASES-NetBanking" finished-at="2021-10-02T13:09:21Z" duration-ms="15041">
      <class name="com.inetbanking.TestCases.Tc_LoginTest_001">
        <test-method is-config="true" signature="Setup(java.lang.String)[pri:0, instance:com.inetbanking.TestCases.Tc_LoginTest_001@6e38921c]" started-at="2021-10-02T13:09:06Z" name="Setup" finished-at="2021-10-02T13:09:11Z" duration-ms="4424" status="PASS">
          <params>
            <param index="0">
              <value>
                <![CDATA[chrome]]>
              </value>
            </param>
          </params>
          <reporter-output>
          </reporter-output>
        </test-method> <!-- Setup -->
        <test-method signature="LoginTest()[pri:0, instance:com.inetbanking.TestCases.Tc_LoginTest_001@6e38921c]" started-at="2021-10-02T13:09:11Z" name="LoginTest" finished-at="2021-10-02T13:09:12Z" duration-ms="1347" status="PASS">
          <reporter-output>
          </reporter-output>
        </test-method> <!-- LoginTest -->
        <test-method is-config="true" signature="TearDown()[pri:0, instance:com.inetbanking.TestCases.Tc_LoginTest_001@6e38921c]" started-at="2021-10-02T13:09:12Z" name="TearDown" finished-at="2021-10-02T13:09:12Z" duration-ms="509" status="PASS">
          <reporter-output>
          </reporter-output>
        </test-method> <!-- TearDown -->
      </class> <!-- com.inetbanking.TestCases.Tc_LoginTest_001 -->
      <class name="com.inetbanking.TestCases.Tc_NewCustomerTesr_003">
        <test-method is-config="true" signature="Setup(java.lang.String)[pri:0, instance:com.inetbanking.TestCases.Tc_NewCustomerTesr_003@64d7f7e0]" started-at="2021-10-02T13:09:12Z" name="Setup" finished-at="2021-10-02T13:09:16Z" duration-ms="3369" status="PASS">
          <params>
            <param index="0">
              <value>
                <![CDATA[chrome]]>
              </value>
            </param>
          </params>
          <reporter-output>
          </reporter-output>
        </test-method> <!-- Setup -->
        <test-method signature="AddNewCustomerTest()[pri:0, instance:com.inetbanking.TestCases.Tc_NewCustomerTesr_003@64d7f7e0]" started-at="2021-10-02T13:09:16Z" name="AddNewCustomerTest" finished-at="2021-10-02T13:09:21Z" duration-ms="4791" status="PASS">
          <reporter-output>
          </reporter-output>
        </test-method> <!-- AddNewCustomerTest -->
        <test-method is-config="true" signature="TearDown()[pri:0, instance:com.inetbanking.TestCases.Tc_NewCustomerTesr_003@64d7f7e0]" started-at="2021-10-02T13:09:21Z" name="TearDown" finished-at="2021-10-02T13:09:21Z" duration-ms="174" status="PASS">
          <reporter-output>
          </reporter-output>
        </test-method> <!-- TearDown -->
      </class> <!-- com.inetbanking.TestCases.Tc_NewCustomerTesr_003 -->
    </test> <!-- TESTCASES-NetBanking -->
  </suite> <!-- NETBANKING -->
</testng-results>
