<?xml version="1.0" encoding="UTF-8"?>
<testng-results skipped="0" failed="0" ignored="0" total="2" passed="2">
  <reporter-output>
  </reporter-output>
  <suite name="NETBANKING" duration-ms="18314" started-at="2021-10-02T18:06:36 IST" finished-at="2021-10-02T18:06:55 IST">
    <groups>
    </groups>
    <test name="TESTCASES-NetBanking" duration-ms="18314" started-at="2021-10-02T18:06:36 IST" finished-at="2021-10-02T18:06:55 IST">
      <class name="com.inetbanking.TestCases.Tc_LoginTest_001">
        <test-method status="PASS" signature="Setup(java.lang.String)[pri:0, instance:com.inetbanking.TestCases.Tc_LoginTest_001@103f852]" name="Setup" is-config="true" duration-ms="5243" started-at="2021-10-02T18:06:37 IST" finished-at="2021-10-02T18:06:42 IST">
          <params>
            <param index="0">
              <value>
                <![CDATA[chrome]]>
              </value>
            </param>
          </params>
          <reporter-output>
          </reporter-output>
        </test-method> <!-- Setup -->
        <test-method status="PASS" signature="LoginTest()[pri:0, instance:com.inetbanking.TestCases.Tc_LoginTest_001@103f852]" name="LoginTest" duration-ms="1815" started-at="2021-10-02T18:06:42 IST" finished-at="2021-10-02T18:06:44 IST">
          <reporter-output>
          </reporter-output>
        </test-method> <!-- LoginTest -->
        <test-method status="PASS" signature="TearDown()[pri:0, instance:com.inetbanking.TestCases.Tc_LoginTest_001@103f852]" name="TearDown" is-config="true" duration-ms="835" started-at="2021-10-02T18:06:44 IST" finished-at="2021-10-02T18:06:45 IST">
          <reporter-output>
          </reporter-output>
        </test-method> <!-- TearDown -->
      </class> <!-- com.inetbanking.TestCases.Tc_LoginTest_001 -->
      <class name="com.inetbanking.TestCases.Tc_NewCustomerTesr_003">
        <test-method status="PASS" signature="Setup(java.lang.String)[pri:0, instance:com.inetbanking.TestCases.Tc_NewCustomerTesr_003@16022d9d]" name="Setup" is-config="true" duration-ms="3860" started-at="2021-10-02T18:06:45 IST" finished-at="2021-10-02T18:06:49 IST">
          <params>
            <param index="0">
              <value>
                <![CDATA[chrome]]>
              </value>
            </param>
          </params>
          <reporter-output>
          </reporter-output>
        </test-method> <!-- Setup -->
        <test-method status="PASS" signature="AddNewCustomerTest()[pri:0, instance:com.inetbanking.TestCases.Tc_NewCustomerTesr_003@16022d9d]" name="AddNewCustomerTest" duration-ms="5306" started-at="2021-10-02T18:06:49 IST" finished-at="2021-10-02T18:06:54 IST">
          <reporter-output>
          </reporter-output>
        </test-method> <!-- AddNewCustomerTest -->
        <test-method status="PASS" signature="TearDown()[pri:0, instance:com.inetbanking.TestCases.Tc_NewCustomerTesr_003@16022d9d]" name="TearDown" is-config="true" duration-ms="804" started-at="2021-10-02T18:06:54 IST" finished-at="2021-10-02T18:06:55 IST">
          <reporter-output>
          </reporter-output>
        </test-method> <!-- TearDown -->
      </class> <!-- com.inetbanking.TestCases.Tc_NewCustomerTesr_003 -->
    </test> <!-- TESTCASES-NetBanking -->
  </suite> <!-- NETBANKING -->
</testng-results>
